<?xml version="1.0" encoding="UTF-8"?>
<!-- Generated by org.testng.reporters.JUnitReportReporter -->
<testsuite hostname="DESKTOP-HNE5R9E" name="com.eusia.autocomplete.Autocomplete.js.JsInteractionTest" tests="1" failures="0" timestamp="5 Mar 2016 08:08:40 GMT" time="1.103" errors="0">
  <testcase name="testCallbackFromJavaScript" time="1.103" classname="com.eusia.autocomplete.Autocomplete.js.JsInteractionTest"/>
</testsuite> <!-- com.eusia.autocomplete.Autocomplete.js.JsInteractionTest -->
