<?xml version="1.0" encoding="UTF-8"?>
<!-- Generated by org.testng.reporters.JUnitReportReporter -->
<testsuite hostname="DESKTOP-HNE5R9E" name="com.eusia.autocomplete.Autocomplete.shared.ContactsTest" tests="3" failures="0" timestamp="5 Mar 2016 08:08:32 GMT" time="0.120" errors="0">
  <testcase name="hasToStartWithPlus" time="0.120" classname="com.eusia.autocomplete.Autocomplete.shared.ContactsTest"/>
  <testcase name="noAlphabetInPhoneNumber" time="0.000" classname="com.eusia.autocomplete.Autocomplete.shared.ContactsTest"/>
  <testcase name="mayContainSpaces" time="0.000" classname="com.eusia.autocomplete.Autocomplete.shared.ContactsTest"/>
</testsuite> <!-- com.eusia.autocomplete.Autocomplete.shared.ContactsTest -->
